0 info it worked if it ends with ok
1 verbose cli [ 'node', '/usr/local/bin/npm', 'start' ]
2 info using npm@1.3.15
3 info using node@v0.10.22
4 verbose run-script [ 'prestart', 'start', 'poststart' ]
5 info prestart BadDriver-f2e@0.0.1
6 info start BadDriver-f2e@0.0.1
7 verbose unsafe-perm in lifecycle true
8 info BadDriver-f2e@0.0.1 Failed to exec start script
9 error BadDriver-f2e@0.0.1 start: `grunt server`
9 error Exit status 1
10 error Failed at the BadDriver-f2e@0.0.1 start script.
10 error This is most likely a problem with the BadDriver-f2e package,
10 error not with npm itself.
10 error Tell the author that this fails on your system:
10 error     grunt server
10 error You can get their info via:
10 error     npm owner ls BadDriver-f2e
10 error There is likely additional logging output above.
11 error System Darwin 13.0.2
12 error command "node" "/usr/local/bin/npm" "start"
13 error cwd /Users/iamblue/github/mobile_BadDriver.tw
14 error node -v v0.10.22
15 error npm -v 1.3.15
16 error code ELIFECYCLE
17 verbose exit [ 1, true ]
